t=2018-04-16T14:45:52-0700 lvl=info msg="MotorJuego Run start"
t=2018-04-16T14:45:52-0700 lvl=info msg="KeyInput Run start"
t=2018-04-16T14:45:53-0700 lvl=info msg="MotorJuego NewGame start"
t=2018-04-16T14:45:53-0700 lvl=info msg="MotorJuego NewGame end"
t=2018-04-16T14:46:29-0700 lvl=info msg="MotorJuego Run start"
t=2018-04-16T14:46:29-0700 lvl=info msg="KeyInput Run start"
t=2018-04-16T14:46:30-0700 lvl=info msg="MotorJuego NewGame start"
t=2018-04-16T14:46:30-0700 lvl=info msg="MotorJuego NewGame end"
t=2018-04-16T14:49:22-0700 lvl=info msg="MotorJuego Run start"
t=2018-04-16T14:49:22-0700 lvl=info msg="KeyInput Run start"
t=2018-04-16T14:49:25-0700 lvl=info msg="MotorJuego NewGame start"
t=2018-04-16T14:49:25-0700 lvl=info msg="MotorJuego NewGame end"
t=2018-04-16T14:50:14-0700 lvl=info msg="MotorJuego Run start"
t=2018-04-16T14:50:14-0700 lvl=info msg="KeyInput Run start"
t=2018-04-16T14:50:15-0700 lvl=info msg="MotorJuego NewGame start"
t=2018-04-16T14:50:15-0700 lvl=info msg="MotorJuego NewGame end"
t=2018-04-16T14:50:19-0700 lvl=info msg="MotorJuego Stop start"
t=2018-04-16T14:50:19-0700 lvl=info msg="MotorJuego Stop end"
t=2018-04-16T14:50:19-0700 lvl=info msg="MotorJuego Run end"
t=2018-04-16T14:50:19-0700 lvl=info msg="View Stop start"
t=2018-04-16T14:50:19-0700 lvl=info msg="View Stop end"
